{
  "numTotalTestSuites": 3,
  "numPassedTestSuites": 1,
  "numFailedTestSuites": 2,
  "numPendingTestSuites": 0,
  "numTotalTests": 7,
  "numPassedTests": 6,
  "numFailedTests": 1,
  "numPendingTests": 0,
  "numTodoTests": 0,
  "snapshot": {
    "added": 0,
    "failure": false,
    "filesAdded": 0,
    "filesRemoved": 0,
    "filesRemovedList": [],
    "filesUnmatched": 0,
    "filesUpdated": 0,
    "matched": 0,
    "total": 0,
    "unchecked": 0,
    "uncheckedKeysByFile": [],
    "unmatched": 0,
    "updated": 0,
    "didUpdate": false
  },
  "startTime": 1770295904156,
  "success": false,
  "testResults": [
    {
      "assertionResults": [
        {
          "ancestorTitles": [
            "math",
            "Add int"
          ],
          "fullName": "math Add int small numbers - #JQ2MD-001 Add two numbers",
          "status": "passed",
          "title": "small numbers - #JQ2MD-001 Add two numbers",
          "duration": 1.3254699999999957,
          "failureMessages": [],
          "meta": {}
        },
        {
          "ancestorTitles": [
            "math",
            "Add int"
          ],
          "fullName": "math Add int big numbers - #JQ2MD-001 Add two numbers",
          "status": "passed",
          "title": "big numbers - #JQ2MD-001 Add two numbers",
          "duration": 0.16912699999997471,
          "failureMessages": [],
          "meta": {}
        },
        {
          "ancestorTitles": [
            "math",
            "Add int"
          ],
          "fullName": "math Add int zero - #JQ2MD-001 Add two numbers",
          "status": "passed",
          "title": "zero - #JQ2MD-001 Add two numbers",
          "duration": 0.13032000000001176,
          "failureMessages": [],
          "meta": {}
        },
        {
          "ancestorTitles": [
            "math",
            "Add int"
          ],
          "fullName": "math Add int negative - #JQ2MD-001 Add two numbers",
          "status": "passed",
          "title": "negative - #JQ2MD-001 Add two numbers",
          "duration": 0.15728999999998905,
          "failureMessages": [],
          "meta": {}
        },
        {
          "ancestorTitles": [
            "math"
          ],
          "fullName": "math Add float numbers - #JQ2MD-001 Add two numbers",
          "status": "failed",
          "title": "Add float numbers - #JQ2MD-001 Add two numbers",
          "duration": 5.263625999999988,
          "failureMessages": [
            "AssertionError: expected 2.2 to deeply equal 2.3\n    at /home/yves/dev/src/github/jsonqa2md/vitest/math.test.js:60:27\n    at file:///home/yves/dev/src/github/jsonqa2md/node_modules/@vitest/runner/dist/index.js:145:11\n    at file:///home/yves/dev/src/github/jsonqa2md/node_modules/@vitest/runner/dist/index.js:915:26\n    at file:///home/yves/dev/src/github/jsonqa2md/node_modules/@vitest/runner/dist/index.js:1243:20\n    at new Promise (<anonymous>)\n    at runWithTimeout (file:///home/yves/dev/src/github/jsonqa2md/node_modules/@vitest/runner/dist/index.js:1209:10)\n    at file:///home/yves/dev/src/github/jsonqa2md/node_modules/@vitest/runner/dist/index.js:1653:37\n    at Traces.$ (file:///home/yves/dev/src/github/jsonqa2md/node_modules/vitest/dist/chunks/traces.CCmnQaNT.js:142:27)\n    at trace (file:///home/yves/dev/src/github/jsonqa2md/node_modules/vitest/dist/chunks/test.B8ej_ZHS.js:239:21)\n    at runTest (file:///home/yves/dev/src/github/jsonqa2md/node_modules/@vitest/runner/dist/index.js:1653:12)"
          ],
          "meta": {}
        },
        {
          "ancestorTitles": [
            "math"
          ],
          "fullName": "math Add two numbers0",
          "status": "passed",
          "title": "Add two numbers0",
          "duration": 0.15970699999999738,
          "failureMessages": [],
          "meta": {}
        },
        {
          "ancestorTitles": [
            "math"
          ],
          "fullName": "math Add two numbers1 - #JQ2MD-002 Add two numbers",
          "status": "passed",
          "title": "Add two numbers1 - #JQ2MD-002 Add two numbers",
          "duration": 0.12201000000001727,
          "failureMessages": [],
          "meta": {}
        }
      ],
      "startTime": 1770295904297,
      "endTime": 1770295904305.1597,
      "status": "failed",
      "message": "",
      "name": "/home/yves/dev/src/github/jsonqa2md/vitest/math.test.js"
    }
  ]
}